Case #1:  5
Case #2:  1
Case #3:  IMPOSSIBLE
Case #4:  1 2
Case #5:  4 9
Case #6:  5 15
Case #7:  832972004930 2498916014790 4164860024650 5830804034510 7496748044370 9162692054230 10828636064090 12494580073950 14160524083810 15826468093670 17492412103530 19158356113390 20824300123250 22490244133110 24156188142970 25822132152830 27488076162690 29154020172550 30819964182410 32485908192270 34151852202130 35817796211990 37483740221850 39149684231710 40815628241570 42481572251430 44147516261290 45813460271150 47479404281010 49145348290870 50811292300730 52477236310590 54143180320450 55809124330310 57475068340170 59141012350030 60806956359890 62472900369750 64138844379610 65804788389470 67470732399330 69136676409190 70802620419050 72468564428910 74134508438770 75800452448630 77466396458490 79132340468350 80798284478113
Case #8:  1
Case #9:  130691233 392073699 653456165 914838631 1176221097 1437603563 1698986029 1960368495 2221750961 2483133427 2744515893 3005898359 3267280825 3528663291 3790045757 4051428223 4312810689 4574193155 4835575621 5096958087 5358340553
Case #10:  1 2 3 4 5 6 7 8 9 10 11 12 13 14 15 16 17 18 19 20 21 22 23 24 25 26 27 28 29 30 31 32 33 34 35 36 37 38 39 40 41 42 43 44 45 46 47 48 49 50 51 52 53 54 55 56 57 58 59 60 61 62 63 64 65 66 67 68 69 70 71 72 73 74 75 76 77 78 79 80 81 82 83 84 85 86 87 88 89 90 91 92 93 94 95 96 97 98 99 100
Case #11:  IMPOSSIBLE
Case #12:  1
Case #13:  IMPOSSIBLE
Case #14:  IMPOSSIBLE
Case #15:  IMPOSSIBLE
Case #16:  IMPOSSIBLE
Case #17:  1
Case #18:  1
Case #19:  IMPOSSIBLE
Case #20:  IMPOSSIBLE
Case #21:  1
Case #22:  26 78 130 182 234 286 338 390 442 494 546 598 625
Case #23:  5
Case #24:  3
Case #25:  IMPOSSIBLE
Case #26:  8587340258 25762020774 42936701290 60111381806 77286062322 94460742838 111635423354 128810103870 145984784386 163159464902 180334145418 197508825934 214683506450 231858186966 249032867482 266207547998 283382228514 300556909030 317731589546 334906270062 352080950578 369255631094 386430311610 403604992126 420779672642 437954353158 455129033674 472303714190 489478394706 506653075222 523827755738 541002436254 558177116770 575351797286 592526477802 609701158318 626875838834 644050519350 661225199866 678399880382 695574560898 712749241414 729923921930 747098602446 764273282962 781447963478 798622643994 815797324510 832972004929
Case #27:  IMPOSSIBLE
Case #28:  8796093022209
Case #29:  166376 499128 831880 1164632 1497384 1830136 2162888 2495640 2828392 3161144 3493896 3826648 4159400 4492152 4824904 5157656 5490408 5823160 6155912 6488664 6821416 7154168 7486920 7819672 8152424 8485176 8817928 9150625
Case #30:  3601 10803 18005 25207 32409 39611 46813 54015 61217 68419 75621 82823 90025 97227 104429 111631 118833 126035 133237 140439 147641 154843 162045 169247 176449 183651 190853 198055 205257 212459
Case #31:  IMPOSSIBLE
Case #32:  4 9
Case #33:  9
Case #34:  IMPOSSIBLE
Case #35:  IMPOSSIBLE
Case #36:  6401 19203 32005 44807 57609 70411 83213 96015 108817 121619 134421 147223 160025 172827 185629 198431 211233 224035 236837 249639 262441 275243 288045 300847 313649 326451 339253 352055 364857 377659 390461 403263 416065 428867 441669 454471 467273 480075 492877 505679
Case #37:  1
Case #38:  1
Case #39:  IMPOSSIBLE
Case #40:  IMPOSSIBLE
Case #41:  288230376151711745
Case #42:  1
Case #43:  1
Case #44:  1
Case #45:  IMPOSSIBLE
Case #46:  IMPOSSIBLE
Case #47:  1 2 3 4
Case #48:  IMPOSSIBLE
Case #49:  1
Case #50:  IMPOSSIBLE
Case #51:  IMPOSSIBLE
Case #52:  IMPOSSIBLE
Case #53:  IMPOSSIBLE
Case #54:  IMPOSSIBLE
Case #55:  IMPOSSIBLE
Case #56:  IMPOSSIBLE
Case #57:  IMPOSSIBLE
Case #58:  IMPOSSIBLE
Case #59:  101 303 505 707 909 1111 1313 1515 1717 1919 2121 2323 2525 2727 2929 3131 3333 3535 3737 3939 4141 4343 4545 4747 4949 5151 5353 5555 5757 5959 6161 6363 6565 6767 6969 7171 7373 7575 7777 7979 8181 8383 8585 8787 8989 9191 9393 9595 9797 9999
Case #60:  11112006825558017 33336020476674051 55560034127790085 77784047778906119 100008061430022153 122232075081138187 144456088732254221
Case #61:  IMPOSSIBLE
Case #62:  IMPOSSIBLE
Case #63:  420707233300202 1262121699900606 2103536166501010 2944950633101414 3786365099701818 4627779566302222 5469194032902626 6310608499503030 7152022966103434 7993437432703838 8834851899304242 9676266365904646 10517680832505050 11359095299105454 12200509765705828
Case #64:  IMPOSSIBLE
Case #65:  IMPOSSIBLE
Case #66:  1977326744 5931980232 9886633720 13841287201
Case #67:  IMPOSSIBLE
Case #68:  IMPOSSIBLE
Case #69:  1
Case #70:  1 2 3 4 5 6 7 8 9 10 11 12 13 14 15 16 17 18 19 20 21 22 23 24 25 26 27 28 29 30 31 32 33 34 35 36 37 38 39 40 41 42 43 44 45 46 47 48 49 50 51 52 53 54 55 56 57 58 59 60 61 62 63 64 65 66 67 68 69 70 71 72 73 74 75 76 77 78 79 80 81
Case #71:  IMPOSSIBLE
Case #72:  1125899906842625 3377699720527875 5629499534213125 7881299347898375 10133099161583625 12384898975268875 14636698788954125 16888498602639375 19140298416324625 21392098230009875 23643898043695125 25895697857380375 28147497671065625 30399297484750875 32651097298436125 34902897112121375
Case #73:  27001 81003 135005 189007 243009 297011 351013 405015 459017 513019 567021 621023 675025 729027 783029
Case #74:  1
Case #75:  2821109907457 8463329722371 14105549537285 19747769352199 25389989167113 31032208982027 36674428796941 42316648611855 47958868426769 53601088241683 59243308056597 64885527871511 70527747686425 76169967501339 81812187316253 87454407131167 93096626946081 98738846760995
Case #76:  1 2 3 4 5 6 7 8 9 10 11 12 13 14 15 16 17 18 19 20 21 22 23 24 25 26 27 28
Case #77:  IMPOSSIBLE
Case #78:  IMPOSSIBLE
Case #79:  94931877134 284795631402 474659385670 664523139938 854386894206 1044250648474 1234114402742 1423978157010 1613841911278 1803705665546 1993569419814 2183433174082 2373296928350 2563160682618 2753024436886 2942888191154 3132751945422 3322615699690 3512479453921
Case #80:  IMPOSSIBLE
Case #81:  IMPOSSIBLE
Case #82:  IMPOSSIBLE
Case #83:  IMPOSSIBLE
Case #84:  1 2 3
Case #85:  IMPOSSIBLE
Case #86:  IMPOSSIBLE
Case #87:  100000000001 300000000003 500000000005 700000000007 900000000009
Case #88:  IMPOSSIBLE
Case #89:  IMPOSSIBLE
Case #90:  17 51
Case #91:  IMPOSSIBLE
Case #92:  35184372088833 105553116266499 175921860444165 246290604621831
Case #93:  IMPOSSIBLE
Case #94:  1
Case #95:  1160290626 3480871878 5801453130 8122034382 10442615634 12763196886 15083778138 17404359390 19724940642 22045521894 24366103146 26686684398 29007265650 31327846902 33648428154 35969009406 38289590658 40610171910 42930753162 45251334414 47571915666 49892496918 52213078170 54533659422 56854240674 59174821926 61495403178 63815984430 66136565682 68457146934 70777728186 73098309438 75418890625
Case #96:  IMPOSSIBLE
Case #97:  IMPOSSIBLE
Case #98:  IMPOSSIBLE
Case #99:  IMPOSSIBLE
Case #100:  IMPOSSIBLE